# JRE version: OpenJDK Runtime Environment (11.0.2+9) (build 11.0.2+9)
# Java VM: OpenJDK 64-Bit Server VM (11.0.2+9, mixed mode, tiered, compressed oops, g1 gc, windows-amd64)
Heap:
 garbage-first heap   total 321536K, used 202966K [0x0000000740000000, 0x0000000800000000)
  region size 1024K, 55 young (56320K), 1 survivors (1024K)
 Metaspace       used 114277K, capacity 115876K, committed 118224K, reserved 1150976K
  class space    used 15965K, capacity 16606K, committed 17536K, reserved 1048576K
GC Heap History (10 events):
Event: 10077.399 GC heap before
{Heap before GC invocations=1100 (full 359):
 garbage-first heap   total 321536K, used 214912K [0x0000000740000000, 0x0000000800000000)
  region size 1024K, 55 young (56320K), 1 survivors (1024K)
 Metaspace       used 114254K, capacity 115812K, committed 118224K, reserved 1150976K
  class space    used 15965K, capacity 16606K, committed 17536K, reserved 1048576K
}
Event: 10077.469 GC heap after
{Heap after GC invocations=1101 (full 360):
 garbage-first heap   total 321536K, used 148018K [0x0000000740000000, 0x0000000800000000)
  region size 1024K, 0 young (0K), 0 survivors (0K)
 Metaspace       used 114254K, capacity 115812K, committed 118224K, reserved 1150976K
  class space    used 15965K, capacity 16606K, committed 17536K, reserved 1048576K
}
Event: 10138.589 GC heap before
{Heap before GC invocations=1101 (full 360):
 garbage-first heap   total 321536K, used 209458K [0x0000000740000000, 0x0000000800000000)
  region size 1024K, 60 young (61440K), 0 survivors (0K)
 Metaspace       used 114258K, capacity 115812K, committed 118224K, reserved 1150976K
  class space    used 15965K, capacity 16606K, committed 17536K, reserved 1048576K
}
Event: 10138.591 GC heap after
{Heap after GC invocations=1102 (full 360):
 garbage-first heap   total 321536K, used 149108K [0x0000000740000000, 0x0000000800000000)
  region size 1024K, 2 young (2048K), 2 survivors (2048K)
 Metaspace       used 114258K, capacity 115812K, committed 118224K, reserved 1150976K
  class space    used 15965K, capacity 16606K, committed 17536K, reserved 1048576K
}
Event: 10148.236 GC heap before
{Heap before GC invocations=1102 (full 360):
 garbage-first heap   total 321536K, used 208500K [0x0000000740000000, 0x0000000800000000)
  region size 1024K, 60 young (61440K), 2 survivors (2048K)
 Metaspace       used 114264K, capacity 115812K, committed 118224K, reserved 1150976K
  class space    used 15965K, capacity 16606K, committed 17536K, reserved 1048576K
}
Event: 10148.239 GC heap after
{Heap after GC invocations=1103 (full 360):
 garbage-first heap   total 321536K, used 148557K [0x0000000740000000, 0x0000000800000000)
  region size 1024K, 1 young (1024K), 1 survivors (1024K)
 Metaspace       used 114264K, capacity 115812K, committed 118224K, reserved 1150976K
  class space    used 15965K, capacity 16606K, committed 17536K, reserved 1048576K
}
Event: 10198.870 GC heap before
{Heap before GC invocations=1103 (full 360):
 garbage-first heap   total 321536K, used 208973K [0x0000000740000000, 0x0000000800000000)
  region size 1024K, 60 young (61440K), 1 survivors (1024K)
 Metaspace       used 114268K, capacity 115812K, committed 118224K, reserved 1150976K
  class space    used 15965K, capacity 16606K, committed 17536K, reserved 1048576K
}
Event: 10198.872 GC heap after
{Heap after GC invocations=1104 (full 360):
 garbage-first heap   total 321536K, used 148680K [0x0000000740000000, 0x0000000800000000)
  region size 1024K, 1 young (1024K), 1 survivors (1024K)
 Metaspace       used 114268K, capacity 115812K, committed 118224K, reserved 1150976K
  class space    used 15965K, capacity 16606K, committed 17536K, reserved 1048576K
}
Event: 10238.151 GC heap before
{Heap before GC invocations=1104 (full 360):
 garbage-first heap   total 321536K, used 209096K [0x0000000740000000, 0x0000000800000000)
  region size 1024K, 60 young (61440K), 1 survivors (1024K)
 Metaspace       used 114268K, capacity 115812K, committed 118224K, reserved 1150976K
  class space    used 15965K, capacity 16606K, committed 17536K, reserved 1048576K
}
Event: 10238.152 GC heap after
{Heap after GC invocations=1105 (full 360):
 garbage-first heap   total 321536K, used 148694K [0x0000000740000000, 0x0000000800000000)
  region size 1024K, 1 young (1024K), 1 survivors (1024K)
 Metaspace       used 114268K, capacity 115812K, committed 118224K, reserved 1150976K
  class space    used 15965K, capacity 16606K, committed 17536K, reserved 1048576K
}

